app/build/outputs/logs/manifest-merger-debug-report.txt
-- Merging decision tree log ---
manifest
ADDED from src\main\AndroidManifest.xml:2:1-84:12
	package
		ADDED from src\main\AndroidManifest.xml:3:5-42
		INJECTED from src\main\AndroidManifest.xml
		INJECTED from src\main\AndroidManifest.xml
	android:versionName
		INJECTED from src\main\AndroidManifest.xml
		INJECTED from src\main\AndroidManifest.xml
	xmlns:android
		ADDED from src\main\AndroidManifest.xml:2:11-69
	android:versionCode
		INJECTED from src\main\AndroidManifest.xml
		INJECTED from src\main\AndroidManifest.xml
uses-permission#android.permission.REAL_GET_TASKS
ADDED from src\main\AndroidManifest.xml:5:5-73
	android:name
		ADDED from src\main\AndroidManifest.xml:5:22-70
uses-permission#android.permission.INTERNET
ADDED from src\main\AndroidManifest.xml:6:5-67
	android:name
		ADDED from src\main\AndroidManifest.xml:6:22-64
uses-permission#android.permission.WRITE_EXTERNAL_STORAGE
ADDED from src\main\AndroidManifest.xml:7:5-81
	android:name
		ADDED from src\main\AndroidManifest.xml:7:22-78
uses-permission#android.permission.ACCESS_WIFI_STATE
ADDED from src\main\AndroidManifest.xml:9:5-76
	android:name
		ADDED from src\main\AndroidManifest.xml:9:22-73
uses-permission#android.permission.ACCESS_NETWORK_STATE
ADDED from src\main\AndroidManifest.xml:10:5-79
	android:name
		ADDED from src\main\AndroidManifest.xml:10:22-76
uses-permission#android.permission.CHANGE_WIFI_STATE
ADDED from src\main\AndroidManifest.xml:11:5-76
	android:name
		ADDED from src\main\AndroidManifest.xml:11:22-73
uses-permission#android.permission.READ_PHONE_STATE
ADDED from src\main\AndroidManifest.xml:13:5-75
	android:name
		ADDED from src\main\AndroidManifest.xml:13:22-72
uses-permission#android.permission.MANAGE_ACCOUNTS
ADDED from src\main\AndroidManifest.xml:14:5-74
	android:name
		ADDED from src\main\AndroidManifest.xml:14:22-71
uses-permission#android.permission.GET_ACCOUNTS
ADDED from src\main\AndroidManifest.xml:15:5-71
	android:name
		ADDED from src\main\AndroidManifest.xml:15:22-68
uses-permission#android.permission.BLUETOOTH
ADDED from src\main\AndroidManifest.xml:17:5-68
	android:name
		ADDED from src\main\AndroidManifest.xml:17:22-65
uses-permission#android.permission.BLUETOOTH_ADMIN
ADDED from src\main\AndroidManifest.xml:18:5-74
	android:name
		ADDED from src\main\AndroidManifest.xml:18:22-71
application
ADDED from src\main\AndroidManifest.xml:20:5-82:19
MERGED from [com.android.support:support-v4:22.2.1] AndroidManifest.xml:22:5-20
MERGED from [com.android.support:appcompat-v7:22.2.1] AndroidManifest.xml:22:5-20
MERGED from [com.android.support:support-v4:22.2.1] AndroidManifest.xml:22:5-20
MERGED from [com.android.support:design:22.2.0] AndroidManifest.xml:22:5-20
MERGED from [com.android.support:appcompat-v7:22.2.1] AndroidManifest.xml:22:5-20
MERGED from [com.android.support:support-v4:22.2.1] AndroidManifest.xml:22:5-20
MERGED from [com.android.support:support-v4:22.2.1] AndroidManifest.xml:22:5-20
MERGED from [com.android.support:percent:22.2.0] AndroidManifest.xml:22:5-20
MERGED from [com.android.support:support-v4:22.2.1] AndroidManifest.xml:22:5-20
MERGED from [com.android.support:cardview-v7:22.0.0] AndroidManifest.xml:22:5-20
MERGED from [com.android.support:support-v4:22.2.1] AndroidManifest.xml:22:5-20
	android:label
		ADDED from src\main\AndroidManifest.xml:23:9-41
	android:allowBackup
		ADDED from src\main\AndroidManifest.xml:21:9-35
	android:icon
		ADDED from src\main\AndroidManifest.xml:22:9-43
	android:theme
		ADDED from src\main\AndroidManifest.xml:24:9-42
activity#com.example.friends.friends.activity.MainActivity
ADDED from src\main\AndroidManifest.xml:25:9-33:20
	android:label
		ADDED from src\main\AndroidManifest.xml:27:13-45
	android:name
		ADDED from src\main\AndroidManifest.xml:26:13-50
intent-filter#android.intent.action.MAIN+android.intent.category.LAUNCHER
ADDED from src\main\AndroidManifest.xml:28:13-32:29
action#android.intent.action.MAIN
ADDED from src\main\AndroidManifest.xml:29:17-69
	android:name
		ADDED from src\main\AndroidManifest.xml:29:25-66
category#android.intent.category.LAUNCHER
ADDED from src\main\AndroidManifest.xml:31:17-77
	android:name
		ADDED from src\main\AndroidManifest.xml:31:27-74
activity#com.mob.tools.MobUIShell
ADDED from src\main\AndroidManifest.xml:34:9-52:20
	android:screenOrientation
		ADDED from src\main\AndroidManifest.xml:37:13-49
	android:windowSoftInputMode
		ADDED from src\main\AndroidManifest.xml:39:13-67
	android:configChanges
		ADDED from src\main\AndroidManifest.xml:36:13-74
	android:theme
		ADDED from src\main\AndroidManifest.xml:38:13-72
	android:name
		ADDED from src\main\AndroidManifest.xml:35:13-52
intent-filter#android.intent.action.VIEW+android.intent.category.BROWSABLE+android.intent.category.DEFAULT
ADDED from src\main\AndroidManifest.xml:40:13-47:29
data
ADDED from src\main\AndroidManifest.xml:41:17-59
	android:scheme
		ADDED from src\main\AndroidManifest.xml:41:23-56
action#android.intent.action.VIEW
ADDED from src\main\AndroidManifest.xml:43:17-69
	android:name
		ADDED from src\main\AndroidManifest.xml:43:25-66
category#android.intent.category.BROWSABLE
ADDED from src\main\AndroidManifest.xml:45:17-78
	android:name
		ADDED from src\main\AndroidManifest.xml:45:27-75
category#android.intent.category.DEFAULT
ADDED from src\main\AndroidManifest.xml:46:17-76
	android:name
		ADDED from src\main\AndroidManifest.xml:46:27-73
meta-data#AuthorizeAdapter
ADDED from src\main\AndroidManifest.xml:49:13-51:81
	android:value
		ADDED from src\main\AndroidManifest.xml:51:17-78
	android:name
		ADDED from src\main\AndroidManifest.xml:50:17-48
activity#com.example.friends.friends.activity.Register1Activity
ADDED from src\main\AndroidManifest.xml:53:9-55:64
	android:label
		ADDED from src\main\AndroidManifest.xml:55:13-61
	android:name
		ADDED from src\main\AndroidManifest.xml:54:13-55
activity#com.example.friends.friends.activity.Register2Activity
ADDED from src\main\AndroidManifest.xml:56:9-58:64
	android:label
		ADDED from src\main\AndroidManifest.xml:58:13-61
	android:name
		ADDED from src\main\AndroidManifest.xml:57:13-55
activity#com.example.friends.friends.activity.LoginActivity
ADDED from src\main\AndroidManifest.xml:59:9-61:60
	android:label
		ADDED from src\main\AndroidManifest.xml:61:13-57
	android:name
		ADDED from src\main\AndroidManifest.xml:60:13-51
activity#com.example.friends.friends.activity.AddCustomActivity
ADDED from src\main\AndroidManifest.xml:62:9-65:49
	android:label
		ADDED from src\main\AndroidManifest.xml:64:13-62
	android:theme
		ADDED from src\main\AndroidManifest.xml:65:13-46
	android:name
		ADDED from src\main\AndroidManifest.xml:63:13-55
activity#com.example.friends.friends.activity.AddCommunityActivity
ADDED from src\main\AndroidManifest.xml:66:9-69:20
	android:label
		ADDED from src\main\AndroidManifest.xml:68:13-61
	android:name
		ADDED from src\main\AndroidManifest.xml:67:13-58
activity#com.example.friends.friends.activity.CommunityActivity
ADDED from src\main\AndroidManifest.xml:70:9-73:20
	android:label
		ADDED from src\main\AndroidManifest.xml:72:13-61
	android:name
		ADDED from src\main\AndroidManifest.xml:71:13-55
activity#com.example.friends.friends.activity.PersonalActivity
ADDED from src\main\AndroidManifest.xml:74:9-77:20
	android:label
		ADDED from src\main\AndroidManifest.xml:76:13-60
	android:name
		ADDED from src\main\AndroidManifest.xml:75:13-54
activity#com.example.friends.friends.activity.ManageLabbleActivity
ADDED from src\main\AndroidManifest.xml:78:9-81:20
	android:label
		ADDED from src\main\AndroidManifest.xml:80:13-65
	android:name
		ADDED from src\main\AndroidManifest.xml:79:13-58
uses-sdk
INJECTED from src\main\AndroidManifest.xml reason: use-sdk injection requested
MERGED from [com.android.support:support-v4:22.2.1] AndroidManifest.xml:20:5-43
MERGED from [com.android.support:appcompat-v7:22.2.1] AndroidManifest.xml:20:5-43
MERGED from [com.android.support:support-v4:22.2.1] AndroidManifest.xml:20:5-43
MERGED from [com.android.support:design:22.2.0] AndroidManifest.xml:20:5-43
MERGED from [com.android.support:appcompat-v7:22.2.1] AndroidManifest.xml:20:5-43
MERGED from [com.android.support:support-v4:22.2.1] AndroidManifest.xml:20:5-43
MERGED from [com.android.support:support-v4:22.2.1] AndroidManifest.xml:20:5-43
MERGED from [com.android.support:percent:22.2.0] AndroidManifest.xml:20:5-43
MERGED from [com.android.support:support-v4:22.2.1] AndroidManifest.xml:20:5-43
MERGED from [com.android.support:cardview-v7:22.0.0] AndroidManifest.xml:20:5-43
MERGED from [com.android.support:recyclerview-v7:22.2.1] AndroidManifest.xml:20:5-43
MERGED from [com.android.support:support-v4:22.2.1] AndroidManifest.xml:20:5-43
	android:targetSdkVersion
		INJECTED from src\main\AndroidManifest.xml
		INJECTED from src\main\AndroidManifest.xml
	android:minSdkVersion
		INJECTED from src\main\AndroidManifest.xml
		INJECTED from src\main\AndroidManifest.xml